Arguments: 
  C:\Program Files\nodejs\node.exe C:\Users\crypt\AppData\Roaming\npm\node_modules\yarn\bin\yarn.js start

PATH: 
  C:\Program Files (x86)\Common Files\Oracle\Java\javapath;C:\Python310\Scripts\;C:\Python310\;C:\Windows\system32;C:\Windows;C:\Windows\System32\Wbem;C:\Windows\System32\WindowsPowerShell\v1.0\;C:\Windows\System32\OpenSSH\;C:\Program Files (x86)\NVIDIA Corporation\PhysX\Common;C:\Program Files\NVIDIA Corporation\NVIDIA NvDLISR;C:\ProgramData\chocolatey\bin;C:\Program Files\Microsoft VS Code\bin;C:\Program Files\nodejs\;C:\Program Files\Git\cmd;C:\Users\crypt\.local\share\solana\install\active_release\bin;C:\Users\crypt\AppData\Local\Microsoft\WindowsApps;C:\Users\crypt\AppData\Roaming\npm;C:\Users\crypt\AppData\Local\GitHubDesktop\bin

Yarn version: 
  1.22.17

Node version: 
  16.15.0

Platform: 
  win32 x64

Trace: 
  SyntaxError: C:\Users\crypt\Desktop\Sentiment Dapp\FirstDapp-Starter\package.json: Unexpected end of JSON input
      at JSON.parse (<anonymous>)
      at C:\Users\crypt\AppData\Roaming\npm\node_modules\yarn\lib\cli.js:1625:59
      at Generator.next (<anonymous>)
      at step (C:\Users\crypt\AppData\Roaming\npm\node_modules\yarn\lib\cli.js:310:30)
      at C:\Users\crypt\AppData\Roaming\npm\node_modules\yarn\lib\cli.js:321:13

npm manifest: 
  

yarn manifest: 
  No manifest

Lockfile: 
  # THIS IS AN AUTOGENERATED FILE. DO NOT EDIT THIS FILE DIRECTLY.
  # yarn lockfile v1
